

================================================================
== Synthesis Summary Report of 'rfdc_iq_derotator'
================================================================
+ General Information: 
    * Date:           Thu May 28 11:22:21 2026
    * Version:        2024.1 (Build 5069499 on May 21 2024)
    * Project:        rfdc_iq_derotator_prj
    * Solution:       solution1 (Vivado IP Flow Target)
    * Product family: zynquplusRFSOC
    * Target device:  xczu49dr-ffvf1760-2-e
    

+ Performance & Resource Estimates: 
    
    PS: '+' for module; 'o' for loop; '*' for dataflow
    +---------------------+------+------+---------+--------+----------+---------+------+----------+----------+----------+------------+-----------+-----+
    |       Modules       | Issue|      | Latency | Latency| Iteration|         | Trip |          |          |          |            |           |     |
    |       & Loops       | Type | Slack| (cycles)|  (ns)  |  Latency | Interval| Count| Pipelined|   BRAM   |    DSP   |     FF     |    LUT    | URAM|
    +---------------------+------+------+---------+--------+----------+---------+------+----------+----------+----------+------------+-----------+-----+
    |+ rfdc_iq_derotator  |     -|  0.02|        8|  32.552|         -|        1|     -|       yes|  112 (5%)|  32 (~0%)|  3258 (~0%)|  4331 (1%)|    -|
    +---------------------+------+------+---------+--------+----------+---------+------+----------+----------+----------+------------+-----------+-----+


================================================================
== HW Interfaces
================================================================
* AXIS
+-----------+-----------+---------------+-------+--------+--------+
| Interface | Direction | Register Mode | TDATA | TREADY | TVALID |
+-----------+-----------+---------------+-------+--------+--------+
| m_axis_i  | out       | both          | 128   | 1      | 1      |
| m_axis_q  | out       | both          | 128   | 1      | 1      |
| s_axis_i  | in        | both          | 128   | 1      | 1      |
| s_axis_q  | in        | both          | 128   | 1      | 1      |
+-----------+-----------+---------------+-------+--------+--------+

* Other Ports
+--------------+---------+-----------+----------+
| Port         | Mode    | Direction | Bitwidth |
+--------------+---------+-----------+----------+
| enable       | ap_none | in        | 1        |
| phase_offset | ap_none | in        | 32       |
| reset_phase  | ap_none | in        | 1        |
+--------------+---------+-----------+----------+

* TOP LEVEL CONTROL
+-----------+--------------+----------+
| Interface | Type         | Ports    |
+-----------+--------------+----------+
| ap_clk    | clock        | ap_clk   |
| ap_rst_n  | reset        | ap_rst_n |
| ap_ctrl   | ap_ctrl_none |          |
+-----------+--------------+----------+


================================================================
== SW I/O Information
================================================================
* Top Function Arguments
+--------------+-----------+--------------------------+
| Argument     | Direction | Datatype                 |
+--------------+-----------+--------------------------+
| s_axis_i     | in        | stream<ap_uint<128>, 0>& |
| s_axis_q     | in        | stream<ap_uint<128>, 0>& |
| m_axis_i     | out       | stream<ap_uint<128>, 0>& |
| m_axis_q     | out       | stream<ap_uint<128>, 0>& |
| enable       | in        | bool                     |
| reset_phase  | in        | bool                     |
| phase_offset | in        | ap_uint<32>              |
+--------------+-----------+--------------------------+

* SW-to-HW Mapping
+--------------+--------------+-----------+
| Argument     | HW Interface | HW Type   |
+--------------+--------------+-----------+
| s_axis_i     | s_axis_i     | interface |
| s_axis_q     | s_axis_q     | interface |
| m_axis_i     | m_axis_i     | interface |
| m_axis_q     | m_axis_q     | interface |
| enable       | enable       | port      |
| reset_phase  | reset_phase  | port      |
| phase_offset | phase_offset | port      |
+--------------+--------------+-----------+


================================================================
== Bind Op Report
================================================================
+--------------------------------------+-----+--------+-------------------------+-----------+-----------+---------+
| Name                                 | DSP | Pragma | Variable                | Op        | Impl      | Latency |
+--------------------------------------+-----+--------+-------------------------+-----------+-----------+---------+
| + rfdc_iq_derotator                  | 32  |        |                         |           |           |         |
|   bus_start_phase_fu_401_p3          |     |        | bus_start_phase         | select    | auto_sel  | 0       |
|   lane_phase_fu_614_p2               |     |        | lane_phase              | add       | fabric    | 0       |
|   lane_phase_2_fu_619_p2             |     |        | lane_phase_2            | add       | fabric    | 0       |
|   lane_phase_3_fu_624_p2             |     |        | lane_phase_3            | add       | fabric    | 0       |
|   lane_phase_4_fu_629_p2             |     |        | lane_phase_4            | add       | fabric    | 0       |
|   lane_phase_5_fu_634_p2             |     |        | lane_phase_5            | add       | fabric    | 0       |
|   lane_phase_6_fu_639_p2             |     |        | lane_phase_6            | add       | fabric    | 0       |
|   lane_phase_7_fu_644_p2             |     |        | lane_phase_7            | add       | fabric    | 0       |
|   lut_addr_fu_575_p2                 |     |        | lut_addr                | xor       | auto      | 0       |
|   lut_addr_1_fu_581_p3               |     |        | lut_addr_1              | select    | auto_sel  | 0       |
|   sub_ln35_fu_1367_p2                |     |        | sub_ln35                | sub       | fabric    | 0       |
|   sin_phase_fu_1373_p3               |     |        | sin_phase               | select    | auto_sel  | 0       |
|   phase_1_fu_649_p2                  |     |        | phase_1                 | add       | fabric    | 0       |
|   lut_addr_2_fu_672_p2               |     |        | lut_addr_2              | xor       | auto      | 0       |
|   lut_addr_3_fu_678_p3               |     |        | lut_addr_3              | select    | auto_sel  | 0       |
|   sub_ln35_1_fu_1384_p2              |     |        | sub_ln35_1              | sub       | fabric    | 0       |
|   cos_phase_fu_1390_p3               |     |        | cos_phase               | select    | auto_sel  | 0       |
|   mul_16s_16s_32_1_1_U1              | 1   |        | mul_ln73                | mul       | auto      | 0       |
|   mac_muladd_16s_16s_32s_32_4_1_U18  | 1   |        | mul_ln73_1              | mul       | dsp_slice | 3       |
|   mac_muladd_16s_16s_32s_32_4_1_U18  | 1   |        | i_mix                   | add       | dsp_slice | 3       |
|   mul_16s_16s_32_1_1_U2              | 1   |        | mul_ln74                | mul       | auto      | 0       |
|   mac_mulsub_16s_16s_32s_32_4_1_U19  | 1   |        | mul_ln74_1              | mul       | dsp_slice | 3       |
|   mac_mulsub_16s_16s_32s_32_4_1_U19  | 1   |        | q_mix                   | sub       | dsp_slice | 3       |
|   add_ln14_fu_1826_p2                |     |        | add_ln14                | add       | fabric    | 0       |
|   icmp_ln16_fu_1851_p2               |     |        | icmp_ln16               | seteq     | auto      | 0       |
|   icmp_ln19_fu_1857_p2               |     |        | icmp_ln19               | setlt     | auto      | 0       |
|   select_ln16_1_fu_1873_p3           |     |        | select_ln16_1           | select    | auto_sel  | 0       |
|   or_ln16_fu_1881_p2                 |     |        | or_ln16                 | or        | auto      | 0       |
|   i_rot_fu_1887_p3                   |     |        | i_rot                   | select    | auto_sel  | 0       |
|   add_ln14_1_fu_1895_p2              |     |        | add_ln14_1              | add       | fabric    | 0       |
|   icmp_ln16_1_fu_1920_p2             |     |        | icmp_ln16_1             | seteq     | auto      | 0       |
|   icmp_ln19_1_fu_1926_p2             |     |        | icmp_ln19_1             | setlt     | auto      | 0       |
|   select_ln16_5_fu_1942_p3           |     |        | select_ln16_5           | select    | auto_sel  | 0       |
|   or_ln16_1_fu_1950_p2               |     |        | or_ln16_1               | or        | auto      | 0       |
|   select_ln16_fu_1956_p3             |     |        | select_ln16             | select    | auto_sel  | 0       |
|   lut_addr_4_fu_717_p2               |     |        | lut_addr_4              | xor       | auto      | 0       |
|   lut_addr_5_fu_723_p3               |     |        | lut_addr_5              | select    | auto_sel  | 0       |
|   sub_ln35_2_fu_1542_p2              |     |        | sub_ln35_2              | sub       | fabric    | 0       |
|   sin_phase_1_fu_1548_p3             |     |        | sin_phase_1             | select    | auto_sel  | 0       |
|   phase_3_fu_744_p2                  |     |        | phase_3                 | add       | fabric    | 0       |
|   lut_addr_6_fu_767_p2               |     |        | lut_addr_6              | xor       | auto      | 0       |
|   lut_addr_7_fu_773_p3               |     |        | lut_addr_7              | select    | auto_sel  | 0       |
|   sub_ln35_3_fu_1411_p2              |     |        | sub_ln35_3              | sub       | fabric    | 0       |
|   cos_phase_1_fu_1417_p3             |     |        | cos_phase_1             | select    | auto_sel  | 0       |
|   mul_16s_16s_32_1_1_U3              | 1   |        | mul_ln73_2              | mul       | auto      | 0       |
|   mac_muladd_16s_16s_32s_32_4_1_U20  | 1   |        | mul_ln73_3              | mul       | dsp_slice | 3       |
|   mac_muladd_16s_16s_32s_32_4_1_U20  | 1   |        | i_mix_1                 | add       | dsp_slice | 3       |
|   mul_16s_16s_32_1_1_U4              | 1   |        | mul_ln74_2              | mul       | auto      | 0       |
|   mac_mulsub_16s_16s_32s_32_4_1_U21  | 1   |        | mul_ln74_3              | mul       | dsp_slice | 3       |
|   mac_mulsub_16s_16s_32s_32_4_1_U21  | 1   |        | q_mix_1                 | sub       | dsp_slice | 3       |
|   add_ln14_2_fu_1976_p2              |     |        | add_ln14_2              | add       | fabric    | 0       |
|   icmp_ln16_2_fu_2001_p2             |     |        | icmp_ln16_2             | seteq     | auto      | 0       |
|   icmp_ln19_2_fu_2007_p2             |     |        | icmp_ln19_2             | setlt     | auto      | 0       |
|   select_ln16_7_fu_2023_p3           |     |        | select_ln16_7           | select    | auto_sel  | 0       |
|   or_ln16_2_fu_2031_p2               |     |        | or_ln16_2               | or        | auto      | 0       |
|   i_rot_1_fu_2037_p3                 |     |        | i_rot_1                 | select    | auto_sel  | 0       |
|   add_ln14_3_fu_2045_p2              |     |        | add_ln14_3              | add       | fabric    | 0       |
|   icmp_ln16_3_fu_2070_p2             |     |        | icmp_ln16_3             | seteq     | auto      | 0       |
|   icmp_ln19_3_fu_2076_p2             |     |        | icmp_ln19_3             | setlt     | auto      | 0       |
|   select_ln16_11_fu_2092_p3          |     |        | select_ln16_11          | select    | auto_sel  | 0       |
|   or_ln16_3_fu_2100_p2               |     |        | or_ln16_3               | or        | auto      | 0       |
|   select_ln16_2_fu_2106_p3           |     |        | select_ln16_2           | select    | auto_sel  | 0       |
|   lut_addr_8_fu_812_p2               |     |        | lut_addr_8              | xor       | auto      | 0       |
|   lut_addr_9_fu_818_p3               |     |        | lut_addr_9              | select    | auto_sel  | 0       |
|   sub_ln35_4_fu_1583_p2              |     |        | sub_ln35_4              | sub       | fabric    | 0       |
|   sin_phase_2_fu_1589_p3             |     |        | sin_phase_2             | select    | auto_sel  | 0       |
|   phase_5_fu_839_p2                  |     |        | phase_5                 | add       | fabric    | 0       |
|   lut_addr_10_fu_862_p2              |     |        | lut_addr_10             | xor       | auto      | 0       |
|   lut_addr_11_fu_868_p3              |     |        | lut_addr_11             | select    | auto_sel  | 0       |
|   sub_ln35_5_fu_1428_p2              |     |        | sub_ln35_5              | sub       | fabric    | 0       |
|   cos_phase_2_fu_1434_p3             |     |        | cos_phase_2             | select    | auto_sel  | 0       |
|   mul_16s_16s_32_1_1_U5              | 1   |        | mul_ln73_4              | mul       | auto      | 0       |
|   mac_muladd_16s_16s_32s_32_4_1_U22  | 1   |        | mul_ln73_5              | mul       | dsp_slice | 3       |
|   mac_muladd_16s_16s_32s_32_4_1_U22  | 1   |        | i_mix_2                 | add       | dsp_slice | 3       |
|   mul_16s_16s_32_1_1_U6              | 1   |        | mul_ln74_4              | mul       | auto      | 0       |
|   mac_mulsub_16s_16s_32s_32_4_1_U23  | 1   |        | mul_ln74_5              | mul       | dsp_slice | 3       |
|   mac_mulsub_16s_16s_32s_32_4_1_U23  | 1   |        | q_mix_2                 | sub       | dsp_slice | 3       |
|   add_ln14_4_fu_2114_p2              |     |        | add_ln14_4              | add       | fabric    | 0       |
|   icmp_ln16_4_fu_2139_p2             |     |        | icmp_ln16_4             | seteq     | auto      | 0       |
|   icmp_ln19_4_fu_2145_p2             |     |        | icmp_ln19_4             | setlt     | auto      | 0       |
|   select_ln16_13_fu_2161_p3          |     |        | select_ln16_13          | select    | auto_sel  | 0       |
|   or_ln16_4_fu_2169_p2               |     |        | or_ln16_4               | or        | auto      | 0       |
|   i_rot_2_fu_2175_p3                 |     |        | i_rot_2                 | select    | auto_sel  | 0       |
|   add_ln14_5_fu_2183_p2              |     |        | add_ln14_5              | add       | fabric    | 0       |
|   icmp_ln16_5_fu_2208_p2             |     |        | icmp_ln16_5             | seteq     | auto      | 0       |
|   icmp_ln19_5_fu_2214_p2             |     |        | icmp_ln19_5             | setlt     | auto      | 0       |
|   select_ln16_15_fu_2230_p3          |     |        | select_ln16_15          | select    | auto_sel  | 0       |
|   or_ln16_5_fu_2238_p2               |     |        | or_ln16_5               | or        | auto      | 0       |
|   select_ln16_4_fu_2244_p3           |     |        | select_ln16_4           | select    | auto_sel  | 0       |
|   lut_addr_12_fu_907_p2              |     |        | lut_addr_12             | xor       | auto      | 0       |
|   lut_addr_13_fu_913_p3              |     |        | lut_addr_13             | select    | auto_sel  | 0       |
|   sub_ln35_6_fu_1624_p2              |     |        | sub_ln35_6              | sub       | fabric    | 0       |
|   sin_phase_3_fu_1630_p3             |     |        | sin_phase_3             | select    | auto_sel  | 0       |
|   phase_7_fu_934_p2                  |     |        | phase_7                 | add       | fabric    | 0       |
|   lut_addr_14_fu_957_p2              |     |        | lut_addr_14             | xor       | auto      | 0       |
|   lut_addr_15_fu_963_p3              |     |        | lut_addr_15             | select    | auto_sel  | 0       |
|   sub_ln35_7_fu_1445_p2              |     |        | sub_ln35_7              | sub       | fabric    | 0       |
|   cos_phase_3_fu_1451_p3             |     |        | cos_phase_3             | select    | auto_sel  | 0       |
|   mul_16s_16s_32_1_1_U7              | 1   |        | mul_ln73_6              | mul       | auto      | 0       |
|   mac_muladd_16s_16s_32s_32_4_1_U24  | 1   |        | mul_ln73_7              | mul       | dsp_slice | 3       |
|   mac_muladd_16s_16s_32s_32_4_1_U24  | 1   |        | i_mix_3                 | add       | dsp_slice | 3       |
|   mul_16s_16s_32_1_1_U8              | 1   |        | mul_ln74_6              | mul       | auto      | 0       |
|   mac_mulsub_16s_16s_32s_32_4_1_U25  | 1   |        | mul_ln74_7              | mul       | dsp_slice | 3       |
|   mac_mulsub_16s_16s_32s_32_4_1_U25  | 1   |        | q_mix_3                 | sub       | dsp_slice | 3       |
|   add_ln14_6_fu_2252_p2              |     |        | add_ln14_6              | add       | fabric    | 0       |
|   icmp_ln16_6_fu_2277_p2             |     |        | icmp_ln16_6             | seteq     | auto      | 0       |
|   icmp_ln19_6_fu_2283_p2             |     |        | icmp_ln19_6             | setlt     | auto      | 0       |
|   select_ln16_16_fu_2299_p3          |     |        | select_ln16_16          | select    | auto_sel  | 0       |
|   or_ln16_6_fu_2307_p2               |     |        | or_ln16_6               | or        | auto      | 0       |
|   i_rot_3_fu_2313_p3                 |     |        | i_rot_3                 | select    | auto_sel  | 0       |
|   add_ln14_7_fu_2321_p2              |     |        | add_ln14_7              | add       | fabric    | 0       |
|   icmp_ln16_7_fu_2346_p2             |     |        | icmp_ln16_7             | seteq     | auto      | 0       |
|   icmp_ln19_7_fu_2352_p2             |     |        | icmp_ln19_7             | setlt     | auto      | 0       |
|   select_ln16_18_fu_2368_p3          |     |        | select_ln16_18          | select    | auto_sel  | 0       |
|   or_ln16_7_fu_2376_p2               |     |        | or_ln16_7               | or        | auto      | 0       |
|   select_ln16_6_fu_2382_p3           |     |        | select_ln16_6           | select    | auto_sel  | 0       |
|   lut_addr_16_fu_1002_p2             |     |        | lut_addr_16             | xor       | auto      | 0       |
|   lut_addr_17_fu_1008_p3             |     |        | lut_addr_17             | select    | auto_sel  | 0       |
|   sub_ln35_8_fu_1665_p2              |     |        | sub_ln35_8              | sub       | fabric    | 0       |
|   sin_phase_4_fu_1671_p3             |     |        | sin_phase_4             | select    | auto_sel  | 0       |
|   phase_9_fu_1029_p2                 |     |        | phase_9                 | add       | fabric    | 0       |
|   lut_addr_18_fu_1052_p2             |     |        | lut_addr_18             | xor       | auto      | 0       |
|   lut_addr_19_fu_1058_p3             |     |        | lut_addr_19             | select    | auto_sel  | 0       |
|   sub_ln35_9_fu_1462_p2              |     |        | sub_ln35_9              | sub       | fabric    | 0       |
|   cos_phase_4_fu_1468_p3             |     |        | cos_phase_4             | select    | auto_sel  | 0       |
|   mul_16s_16s_32_1_1_U9              | 1   |        | mul_ln73_8              | mul       | auto      | 0       |
|   mac_muladd_16s_16s_32s_32_4_1_U26  | 1   |        | mul_ln73_9              | mul       | dsp_slice | 3       |
|   mac_muladd_16s_16s_32s_32_4_1_U26  | 1   |        | i_mix_4                 | add       | dsp_slice | 3       |
|   mul_16s_16s_32_1_1_U10             | 1   |        | mul_ln74_8              | mul       | auto      | 0       |
|   mac_mulsub_16s_16s_32s_32_4_1_U27  | 1   |        | mul_ln74_9              | mul       | dsp_slice | 3       |
|   mac_mulsub_16s_16s_32s_32_4_1_U27  | 1   |        | q_mix_4                 | sub       | dsp_slice | 3       |
|   add_ln14_8_fu_2390_p2              |     |        | add_ln14_8              | add       | fabric    | 0       |
|   icmp_ln16_8_fu_2415_p2             |     |        | icmp_ln16_8             | seteq     | auto      | 0       |
|   icmp_ln19_8_fu_2421_p2             |     |        | icmp_ln19_8             | setlt     | auto      | 0       |
|   select_ln16_19_fu_2437_p3          |     |        | select_ln16_19          | select    | auto_sel  | 0       |
|   or_ln16_8_fu_2445_p2               |     |        | or_ln16_8               | or        | auto      | 0       |
|   i_rot_4_fu_2451_p3                 |     |        | i_rot_4                 | select    | auto_sel  | 0       |
|   add_ln14_9_fu_2459_p2              |     |        | add_ln14_9              | add       | fabric    | 0       |
|   icmp_ln16_9_fu_2484_p2             |     |        | icmp_ln16_9             | seteq     | auto      | 0       |
|   icmp_ln19_9_fu_2490_p2             |     |        | icmp_ln19_9             | setlt     | auto      | 0       |
|   select_ln16_21_fu_2506_p3          |     |        | select_ln16_21          | select    | auto_sel  | 0       |
|   or_ln16_9_fu_2514_p2               |     |        | or_ln16_9               | or        | auto      | 0       |
|   select_ln16_8_fu_2520_p3           |     |        | select_ln16_8           | select    | auto_sel  | 0       |
|   lut_addr_20_fu_1097_p2             |     |        | lut_addr_20             | xor       | auto      | 0       |
|   lut_addr_21_fu_1103_p3             |     |        | lut_addr_21             | select    | auto_sel  | 0       |
|   sub_ln35_10_fu_1706_p2             |     |        | sub_ln35_10             | sub       | fabric    | 0       |
|   sin_phase_5_fu_1712_p3             |     |        | sin_phase_5             | select    | auto_sel  | 0       |
|   phase_11_fu_1124_p2                |     |        | phase_11                | add       | fabric    | 0       |
|   lut_addr_22_fu_1147_p2             |     |        | lut_addr_22             | xor       | auto      | 0       |
|   lut_addr_23_fu_1153_p3             |     |        | lut_addr_23             | select    | auto_sel  | 0       |
|   sub_ln35_11_fu_1479_p2             |     |        | sub_ln35_11             | sub       | fabric    | 0       |
|   cos_phase_5_fu_1485_p3             |     |        | cos_phase_5             | select    | auto_sel  | 0       |
|   mul_16s_16s_32_1_1_U11             | 1   |        | mul_ln73_10             | mul       | auto      | 0       |
|   mac_muladd_16s_16s_32s_32_4_1_U28  | 1   |        | mul_ln73_11             | mul       | dsp_slice | 3       |
|   mac_muladd_16s_16s_32s_32_4_1_U28  | 1   |        | i_mix_5                 | add       | dsp_slice | 3       |
|   mul_16s_16s_32_1_1_U12             | 1   |        | mul_ln74_10             | mul       | auto      | 0       |
|   mac_mulsub_16s_16s_32s_32_4_1_U29  | 1   |        | mul_ln74_11             | mul       | dsp_slice | 3       |
|   mac_mulsub_16s_16s_32s_32_4_1_U29  | 1   |        | q_mix_5                 | sub       | dsp_slice | 3       |
|   add_ln14_10_fu_2528_p2             |     |        | add_ln14_10             | add       | fabric    | 0       |
|   icmp_ln16_10_fu_2553_p2            |     |        | icmp_ln16_10            | seteq     | auto      | 0       |
|   icmp_ln19_10_fu_2559_p2            |     |        | icmp_ln19_10            | setlt     | auto      | 0       |
|   select_ln16_22_fu_2575_p3          |     |        | select_ln16_22          | select    | auto_sel  | 0       |
|   or_ln16_10_fu_2583_p2              |     |        | or_ln16_10              | or        | auto      | 0       |
|   i_rot_5_fu_2589_p3                 |     |        | i_rot_5                 | select    | auto_sel  | 0       |
|   add_ln14_11_fu_2597_p2             |     |        | add_ln14_11             | add       | fabric    | 0       |
|   icmp_ln16_11_fu_2622_p2            |     |        | icmp_ln16_11            | seteq     | auto      | 0       |
|   icmp_ln19_11_fu_2628_p2            |     |        | icmp_ln19_11            | setlt     | auto      | 0       |
|   select_ln16_24_fu_2644_p3          |     |        | select_ln16_24          | select    | auto_sel  | 0       |
|   or_ln16_11_fu_2652_p2              |     |        | or_ln16_11              | or        | auto      | 0       |
|   select_ln16_10_fu_2658_p3          |     |        | select_ln16_10          | select    | auto_sel  | 0       |
|   lut_addr_24_fu_1192_p2             |     |        | lut_addr_24             | xor       | auto      | 0       |
|   lut_addr_25_fu_1198_p3             |     |        | lut_addr_25             | select    | auto_sel  | 0       |
|   sub_ln35_12_fu_1747_p2             |     |        | sub_ln35_12             | sub       | fabric    | 0       |
|   sin_phase_6_fu_1753_p3             |     |        | sin_phase_6             | select    | auto_sel  | 0       |
|   phase_13_fu_1219_p2                |     |        | phase_13                | add       | fabric    | 0       |
|   lut_addr_26_fu_1242_p2             |     |        | lut_addr_26             | xor       | auto      | 0       |
|   lut_addr_27_fu_1248_p3             |     |        | lut_addr_27             | select    | auto_sel  | 0       |
|   sub_ln35_13_fu_1496_p2             |     |        | sub_ln35_13             | sub       | fabric    | 0       |
|   cos_phase_6_fu_1502_p3             |     |        | cos_phase_6             | select    | auto_sel  | 0       |
|   mul_16s_16s_32_1_1_U13             | 1   |        | mul_ln73_12             | mul       | auto      | 0       |
|   mac_muladd_16s_16s_32s_32_4_1_U30  | 1   |        | mul_ln73_13             | mul       | dsp_slice | 3       |
|   mac_muladd_16s_16s_32s_32_4_1_U30  | 1   |        | i_mix_6                 | add       | dsp_slice | 3       |
|   mul_16s_16s_32_1_1_U14             | 1   |        | mul_ln74_12             | mul       | auto      | 0       |
|   mac_mulsub_16s_16s_32s_32_4_1_U31  | 1   |        | mul_ln74_13             | mul       | dsp_slice | 3       |
|   mac_mulsub_16s_16s_32s_32_4_1_U31  | 1   |        | q_mix_6                 | sub       | dsp_slice | 3       |
|   add_ln14_12_fu_2666_p2             |     |        | add_ln14_12             | add       | fabric    | 0       |
|   icmp_ln16_12_fu_2691_p2            |     |        | icmp_ln16_12            | seteq     | auto      | 0       |
|   icmp_ln19_12_fu_2697_p2            |     |        | icmp_ln19_12            | setlt     | auto      | 0       |
|   select_ln16_25_fu_2713_p3          |     |        | select_ln16_25          | select    | auto_sel  | 0       |
|   or_ln16_12_fu_2721_p2              |     |        | or_ln16_12              | or        | auto      | 0       |
|   i_rot_6_fu_2727_p3                 |     |        | i_rot_6                 | select    | auto_sel  | 0       |
|   add_ln14_13_fu_2735_p2             |     |        | add_ln14_13             | add       | fabric    | 0       |
|   icmp_ln16_13_fu_2760_p2            |     |        | icmp_ln16_13            | seteq     | auto      | 0       |
|   icmp_ln19_13_fu_2766_p2            |     |        | icmp_ln19_13            | setlt     | auto      | 0       |
|   select_ln16_27_fu_2782_p3          |     |        | select_ln16_27          | select    | auto_sel  | 0       |
|   or_ln16_13_fu_2790_p2              |     |        | or_ln16_13              | or        | auto      | 0       |
|   select_ln16_12_fu_2796_p3          |     |        | select_ln16_12          | select    | auto_sel  | 0       |
|   lut_addr_28_fu_1287_p2             |     |        | lut_addr_28             | xor       | auto      | 0       |
|   lut_addr_29_fu_1293_p3             |     |        | lut_addr_29             | select    | auto_sel  | 0       |
|   sub_ln35_14_fu_1788_p2             |     |        | sub_ln35_14             | sub       | fabric    | 0       |
|   sin_phase_7_fu_1794_p3             |     |        | sin_phase_7             | select    | auto_sel  | 0       |
|   phase_15_fu_1314_p2                |     |        | phase_15                | add       | fabric    | 0       |
|   lut_addr_30_fu_1337_p2             |     |        | lut_addr_30             | xor       | auto      | 0       |
|   lut_addr_31_fu_1343_p3             |     |        | lut_addr_31             | select    | auto_sel  | 0       |
|   sub_ln35_15_fu_1513_p2             |     |        | sub_ln35_15             | sub       | fabric    | 0       |
|   cos_phase_7_fu_1519_p3             |     |        | cos_phase_7             | select    | auto_sel  | 0       |
|   mul_16s_16s_32_1_1_U15             | 1   |        | mul_ln73_14             | mul       | auto      | 0       |
|   mac_muladd_16s_16s_32s_32_4_1_U32  | 1   |        | mul_ln73_15             | mul       | dsp_slice | 3       |
|   mac_muladd_16s_16s_32s_32_4_1_U32  | 1   |        | i_mix_7                 | add       | dsp_slice | 3       |
|   mul_16s_16s_32_1_1_U16             | 1   |        | mul_ln74_14             | mul       | auto      | 0       |
|   mac_mulsub_16s_16s_32s_32_4_1_U33  | 1   |        | mul_ln74_15             | mul       | dsp_slice | 3       |
|   mac_mulsub_16s_16s_32s_32_4_1_U33  | 1   |        | q_mix_7                 | sub       | dsp_slice | 3       |
|   add_ln14_14_fu_2804_p2             |     |        | add_ln14_14             | add       | fabric    | 0       |
|   icmp_ln16_14_fu_2829_p2            |     |        | icmp_ln16_14            | seteq     | auto      | 0       |
|   icmp_ln19_14_fu_2835_p2            |     |        | icmp_ln19_14            | setlt     | auto      | 0       |
|   select_ln16_28_fu_2851_p3          |     |        | select_ln16_28          | select    | auto_sel  | 0       |
|   or_ln16_14_fu_2859_p2              |     |        | or_ln16_14              | or        | auto      | 0       |
|   i_rot_7_fu_2865_p3                 |     |        | i_rot_7                 | select    | auto_sel  | 0       |
|   add_ln14_15_fu_2873_p2             |     |        | add_ln14_15             | add       | fabric    | 0       |
|   icmp_ln16_15_fu_2898_p2            |     |        | icmp_ln16_15            | seteq     | auto      | 0       |
|   icmp_ln19_15_fu_2904_p2            |     |        | icmp_ln19_15            | setlt     | auto      | 0       |
|   q_rot_fu_3024_p6                   |     |        | select_ln19             | select    | auto_sel  | 0       |
|   q_rot_0_6142_fu_2928_p3            |     |        | q_rot_0_6142            | select    | auto_sel  | 0       |
|   i_rot_0_6140_fu_2934_p3            |     |        | i_rot_0_6140            | select    | auto_sel  | 0       |
|   q_rot_0_49092138_fu_2940_p3        |     |        | q_rot_0_49092138        | select    | auto_sel  | 0       |
|   i_rot_0_48894136_fu_2946_p3        |     |        | i_rot_0_48894136        | select    | auto_sel  | 0       |
|   q_rot_0_254568696134_fu_2952_p3    |     |        | q_rot_0_254568696134    | select    | auto_sel  | 0       |
|   i_rot_0_252588498132_fu_2958_p3    |     |        | i_rot_0_252588498132    | select    | auto_sel  | 0       |
|   q_rot_03436506082100130_fu_1964_p3 |     |        | q_rot_03436506082100130 | select    | auto_sel  | 0       |
|   i_rot_03238486280102128_fu_1970_p3 |     |        | i_rot_03238486280102128 | select    | auto_sel  | 0       |
|   i_rot_0_140466478104126_fu_2964_p3 |     |        | i_rot_0_140466478104126 | select    | auto_sel  | 0       |
|   q_rot_0_142446676106124_fu_2970_p3 |     |        | q_rot_0_142446676106124 | select    | auto_sel  | 0       |
|   i_rot_0_36874108122_fu_2976_p3     |     |        | i_rot_0_36874108122     | select    | auto_sel  | 0       |
|   q_rot_0_37072110120_fu_2982_p3     |     |        | q_rot_0_37072110120     | select    | auto_sel  | 0       |
|   i_rot_0_5112118_fu_2988_p3         |     |        | i_rot_0_5112118         | select    | auto_sel  | 0       |
|   q_rot_0_5114116_fu_2994_p3         |     |        | q_rot_0_5114116         | select    | auto_sel  | 0       |
|   i_rot_8_fu_3000_p3                 |     |        | i_rot_8                 | select    | auto_sel  | 0       |
|   xor_ln49_fu_3006_p2                |     |        | xor_ln49                | xor       | auto      | 0       |
|   and_ln16_fu_3011_p2                |     |        | and_ln16                | and       | auto      | 0       |
|   sparsemux_7_2_16_1_1_U17           |     |        | q_rot                   | sparsemux | auto      | 0       |
|   add_ln136_fu_602_p2                |     |        | add_ln136               | add       | fabric    | 0       |
+--------------------------------------+-----+--------+-------------------------+-----------+-----------+---------+


================================================================
== Storage Report
================================================================
+--------------------------------+--------+------+------+------+--------+----------------------------+------+---------+------------------+
| Name                           | Usage  | Type | BRAM | URAM | Pragma | Variable                   | Impl | Latency | Bitwidth, Depth, |
|                                |        |      |      |      |        |                            |      |         | Banks            |
+--------------------------------+--------+------+------+------+--------+----------------------------+------+---------+------------------+
| + rfdc_iq_derotator            |        |      | 112  | 0    |        |                            |      |         |                  |
|   RFDC_IQ_DEROTATOR_SINE_LUT_U | rom_np |      | 112  |      |        | RFDC_IQ_DEROTATOR_SINE_LUT | auto | 1       | 15, 16384, 1     |
+--------------------------------+--------+------+------+------+--------+----------------------------+------+---------+------------------+


================================================================
== Pragma Report
================================================================
* Valid Pragma Syntax
+-----------+---------------------------+-------------------------------------------------------------+
| Type      | Options                   | Location                                                    |
+-----------+---------------------------+-------------------------------------------------------------+
| inline    |                           | rfdc_iq_derotator.cpp:12 in round_saturate_to_i16           |
| inline    |                           | rfdc_iq_derotator.cpp:27 in nco_sine_q15                    |
| inline    |                           | rfdc_iq_derotator.cpp:40 in sincos_q15                      |
| inline    |                           | rfdc_iq_derotator.cpp:52 in rotate_one_sample               |
| interface | axis port=s_axis_i        | rfdc_iq_derotator.cpp:88 in rfdc_iq_derotator, s_axis_i     |
| interface | axis port=s_axis_q        | rfdc_iq_derotator.cpp:89 in rfdc_iq_derotator, s_axis_q     |
| interface | axis port=m_axis_i        | rfdc_iq_derotator.cpp:90 in rfdc_iq_derotator, m_axis_i     |
| interface | axis port=m_axis_q        | rfdc_iq_derotator.cpp:91 in rfdc_iq_derotator, m_axis_q     |
| interface | ap_none port=enable       | rfdc_iq_derotator.cpp:92 in rfdc_iq_derotator, enable       |
| interface | ap_none port=reset_phase  | rfdc_iq_derotator.cpp:93 in rfdc_iq_derotator, reset_phase  |
| interface | ap_none port=phase_offset | rfdc_iq_derotator.cpp:94 in rfdc_iq_derotator, phase_offset |
| interface | ap_ctrl_none port=return  | rfdc_iq_derotator.cpp:95 in rfdc_iq_derotator, return       |
| pipeline  | II=1                      | rfdc_iq_derotator.cpp:96 in rfdc_iq_derotator               |
| unroll    |                           | rfdc_iq_derotator.cpp:109 in rfdc_iq_derotator              |
+-----------+---------------------------+-------------------------------------------------------------+


