

================================================================
== Vitis HLS Report for 'rfdc_iq_derotator'
================================================================
* Date:           Thu May 28 12:20:47 2026

* Version:        2024.1 (Build 5069499 on May 21 2024)
* Project:        rfdc_iq_derotator_prj
* Solution:       solution1 (Vivado IP Flow Target)
* Product family: zynquplusRFSOC
* Target device:  xczu49dr-ffvf1760-2-e


================================================================
== Performance Estimates
================================================================
+ Timing: 
    * Summary: 
    +--------+---------+----------+------------+
    |  Clock |  Target | Estimated| Uncertainty|
    +--------+---------+----------+------------+
    |ap_clk  |  4.07 ns|  2.951 ns|     1.10 ns|
    +--------+---------+----------+------------+

+ Latency: 
    * Summary: 
    +---------+---------+-----------+-----------+-----+-----+---------+
    |  Latency (cycles) |   Latency (absolute)  |  Interval | Pipeline|
    |   min   |   max   |    min    |    max    | min | max |   Type  |
    +---------+---------+-----------+-----------+-----+-----+---------+
    |        8|        8|  32.552 ns|  32.552 ns|    1|    1|      yes|
    +---------+---------+-----------+-----------+-----+-----+---------+

    + Detail: 
        * Instance: 
        N/A

        * Loop: 
        N/A



================================================================
== Utilization Estimates
================================================================
* Summary: 
+-----------------+---------+------+--------+--------+-----+
|       Name      | BRAM_18K|  DSP |   FF   |   LUT  | URAM|
+-----------------+---------+------+--------+--------+-----+
|DSP              |        -|    16|       -|       -|    -|
|Expression       |        -|     -|       0|    3662|    -|
|FIFO             |        -|     -|       -|       -|    -|
|Instance         |        -|    16|       0|      89|    -|
|Memory           |      112|     -|       0|       0|    -|
|Multiplexer      |        -|     -|       0|      36|    -|
|Register         |        -|     -|    3258|     544|    -|
+-----------------+---------+------+--------+--------+-----+
|Total            |      112|    32|    3258|    4331|    0|
+-----------------+---------+------+--------+--------+-----+
|Available        |     2160|  4272|  850560|  425280|   80|
+-----------------+---------+------+--------+--------+-----+
|Utilization (%)  |        5|    ~0|      ~0|       1|    0|
+-----------------+---------+------+--------+--------+-----+

+ Detail: 
    * Instance: 
    +--------------------------+----------------------+---------+----+---+----+-----+
    |         Instance         |        Module        | BRAM_18K| DSP| FF| LUT| URAM|
    +--------------------------+----------------------+---------+----+---+----+-----+
    |mul_16s_16s_32_1_1_U1     |mul_16s_16s_32_1_1    |        0|   1|  0|   5|    0|
    |mul_16s_16s_32_1_1_U2     |mul_16s_16s_32_1_1    |        0|   1|  0|   5|    0|
    |mul_16s_16s_32_1_1_U3     |mul_16s_16s_32_1_1    |        0|   1|  0|   5|    0|
    |mul_16s_16s_32_1_1_U4     |mul_16s_16s_32_1_1    |        0|   1|  0|   5|    0|
    |mul_16s_16s_32_1_1_U5     |mul_16s_16s_32_1_1    |        0|   1|  0|   5|    0|
    |mul_16s_16s_32_1_1_U6     |mul_16s_16s_32_1_1    |        0|   1|  0|   5|    0|
    |mul_16s_16s_32_1_1_U7     |mul_16s_16s_32_1_1    |        0|   1|  0|   5|    0|
    |mul_16s_16s_32_1_1_U8     |mul_16s_16s_32_1_1    |        0|   1|  0|   5|    0|
    |mul_16s_16s_32_1_1_U9     |mul_16s_16s_32_1_1    |        0|   1|  0|   5|    0|
    |mul_16s_16s_32_1_1_U10    |mul_16s_16s_32_1_1    |        0|   1|  0|   5|    0|
    |mul_16s_16s_32_1_1_U11    |mul_16s_16s_32_1_1    |        0|   1|  0|   5|    0|
    |mul_16s_16s_32_1_1_U12    |mul_16s_16s_32_1_1    |        0|   1|  0|   5|    0|
    |mul_16s_16s_32_1_1_U13    |mul_16s_16s_32_1_1    |        0|   1|  0|   5|    0|
    |mul_16s_16s_32_1_1_U14    |mul_16s_16s_32_1_1    |        0|   1|  0|   5|    0|
    |mul_16s_16s_32_1_1_U15    |mul_16s_16s_32_1_1    |        0|   1|  0|   5|    0|
    |mul_16s_16s_32_1_1_U16    |mul_16s_16s_32_1_1    |        0|   1|  0|   5|    0|
    |sparsemux_7_2_16_1_1_U17  |sparsemux_7_2_16_1_1  |        0|   0|  0|   9|    0|
    +--------------------------+----------------------+---------+----+---+----+-----+
    |Total                     |                      |        0|  16|  0|  89|    0|
    +--------------------------+----------------------+---------+----+---+----+-----+

    * DSP: 
    +-----------------------------------+-------------------------------+--------------+
    |              Instance             |             Module            |  Expression  |
    +-----------------------------------+-------------------------------+--------------+
    |mac_muladd_16s_16s_32s_32_4_1_U18  |mac_muladd_16s_16s_32s_32_4_1  |  i0 + i1 * i2|
    |mac_muladd_16s_16s_32s_32_4_1_U20  |mac_muladd_16s_16s_32s_32_4_1  |  i0 + i1 * i2|
    |mac_muladd_16s_16s_32s_32_4_1_U22  |mac_muladd_16s_16s_32s_32_4_1  |  i0 + i1 * i2|
    |mac_muladd_16s_16s_32s_32_4_1_U24  |mac_muladd_16s_16s_32s_32_4_1  |  i0 + i1 * i2|
    |mac_muladd_16s_16s_32s_32_4_1_U26  |mac_muladd_16s_16s_32s_32_4_1  |  i0 + i1 * i2|
    |mac_muladd_16s_16s_32s_32_4_1_U28  |mac_muladd_16s_16s_32s_32_4_1  |  i0 + i1 * i2|
    |mac_muladd_16s_16s_32s_32_4_1_U30  |mac_muladd_16s_16s_32s_32_4_1  |  i0 + i1 * i2|
    |mac_muladd_16s_16s_32s_32_4_1_U32  |mac_muladd_16s_16s_32s_32_4_1  |  i0 + i1 * i2|
    |mac_mulsub_16s_16s_32s_32_4_1_U19  |mac_mulsub_16s_16s_32s_32_4_1  |  i0 - i1 * i2|
    |mac_mulsub_16s_16s_32s_32_4_1_U21  |mac_mulsub_16s_16s_32s_32_4_1  |  i0 - i1 * i2|
    |mac_mulsub_16s_16s_32s_32_4_1_U23  |mac_mulsub_16s_16s_32s_32_4_1  |  i0 - i1 * i2|
    |mac_mulsub_16s_16s_32s_32_4_1_U25  |mac_mulsub_16s_16s_32s_32_4_1  |  i0 - i1 * i2|
    |mac_mulsub_16s_16s_32s_32_4_1_U27  |mac_mulsub_16s_16s_32s_32_4_1  |  i0 - i1 * i2|
    |mac_mulsub_16s_16s_32s_32_4_1_U29  |mac_mulsub_16s_16s_32s_32_4_1  |  i0 - i1 * i2|
    |mac_mulsub_16s_16s_32s_32_4_1_U31  |mac_mulsub_16s_16s_32s_32_4_1  |  i0 - i1 * i2|
    |mac_mulsub_16s_16s_32s_32_4_1_U33  |mac_mulsub_16s_16s_32s_32_4_1  |  i0 - i1 * i2|
    +-----------------------------------+-------------------------------+--------------+

    * Memory: 
    +------------------------------+----------------------------------------+---------+---+----+-----+-------+-----+------+-------------+
    |            Memory            |                 Module                 | BRAM_18K| FF| LUT| URAM| Words | Bits| Banks| W*Bits*Banks|
    +------------------------------+----------------------------------------+---------+---+----+-----+-------+-----+------+-------------+
    |RFDC_IQ_DEROTATOR_SINE_LUT_U  |RFDC_IQ_DEROTATOR_SINE_LUT_ROM_AUTO_1R  |      112|  0|   0|    0|  16384|   15|     1|       245760|
    +------------------------------+----------------------------------------+---------+---+----+-----+-------+-----+------+-------------+
    |Total                         |                                        |      112|  0|   0|    0|  16384|   15|     1|       245760|
    +------------------------------+----------------------------------------+---------+---+----+-----+-------+-----+------+-------------+

    * FIFO: 
    N/A

    * Expression: 
    +------------------------------------+----------+----+---+----+------------+------------+
    |            Variable Name           | Operation| DSP| FF| LUT| Bitwidth P0| Bitwidth P1|
    +------------------------------------+----------+----+---+----+------------+------------+
    |add_ln134_fu_602_p2                 |         +|   0|  0|  39|          32|          32|
    |add_ln14_10_fu_2528_p2              |         +|   0|  0|  39|          32|          15|
    |add_ln14_11_fu_2597_p2              |         +|   0|  0|  39|          32|          15|
    |add_ln14_12_fu_2666_p2              |         +|   0|  0|  39|          32|          15|
    |add_ln14_13_fu_2735_p2              |         +|   0|  0|  39|          32|          15|
    |add_ln14_14_fu_2804_p2              |         +|   0|  0|  39|          32|          15|
    |add_ln14_15_fu_2873_p2              |         +|   0|  0|  39|          32|          15|
    |add_ln14_1_fu_1895_p2               |         +|   0|  0|  39|          32|          15|
    |add_ln14_2_fu_1976_p2               |         +|   0|  0|  39|          32|          15|
    |add_ln14_3_fu_2045_p2               |         +|   0|  0|  39|          32|          15|
    |add_ln14_4_fu_2114_p2               |         +|   0|  0|  39|          32|          15|
    |add_ln14_5_fu_2183_p2               |         +|   0|  0|  39|          32|          15|
    |add_ln14_6_fu_2252_p2               |         +|   0|  0|  39|          32|          15|
    |add_ln14_7_fu_2321_p2               |         +|   0|  0|  39|          32|          15|
    |add_ln14_8_fu_2390_p2               |         +|   0|  0|  39|          32|          15|
    |add_ln14_9_fu_2459_p2               |         +|   0|  0|  39|          32|          15|
    |add_ln14_fu_1826_p2                 |         +|   0|  0|  39|          32|          15|
    |lane_phase_2_fu_619_p2              |         +|   0|  0|  39|          32|          30|
    |lane_phase_3_fu_624_p2              |         +|   0|  0|  39|          32|          31|
    |lane_phase_4_fu_629_p2              |         +|   0|  0|  39|          32|          31|
    |lane_phase_5_fu_634_p2              |         +|   0|  0|  39|          32|          31|
    |lane_phase_6_fu_639_p2              |         +|   0|  0|  39|          32|          32|
    |lane_phase_7_fu_644_p2              |         +|   0|  0|  39|          32|          32|
    |lane_phase_fu_614_p2                |         +|   0|  0|  39|          32|          29|
    |phase_11_fu_1124_p2                 |         +|   0|  0|  39|          32|          32|
    |phase_13_fu_1219_p2                 |         +|   0|  0|  39|          32|          31|
    |phase_15_fu_1314_p2                 |         +|   0|  0|  39|          32|          31|
    |phase_1_fu_649_p2                   |         +|   0|  0|  39|          32|          31|
    |phase_3_fu_744_p2                   |         +|   0|  0|  39|          32|          31|
    |phase_5_fu_839_p2                   |         +|   0|  0|  39|          32|          31|
    |phase_7_fu_934_p2                   |         +|   0|  0|  39|          32|          32|
    |phase_9_fu_1029_p2                  |         +|   0|  0|  39|          32|          32|
    |sub_ln35_10_fu_1706_p2              |         -|   0|  0|  23|           1|          16|
    |sub_ln35_11_fu_1479_p2              |         -|   0|  0|  23|           1|          16|
    |sub_ln35_12_fu_1747_p2              |         -|   0|  0|  23|           1|          16|
    |sub_ln35_13_fu_1496_p2              |         -|   0|  0|  23|           1|          16|
    |sub_ln35_14_fu_1788_p2              |         -|   0|  0|  23|           1|          16|
    |sub_ln35_15_fu_1513_p2              |         -|   0|  0|  23|           1|          16|
    |sub_ln35_1_fu_1384_p2               |         -|   0|  0|  23|           1|          16|
    |sub_ln35_2_fu_1542_p2               |         -|   0|  0|  23|           1|          16|
    |sub_ln35_3_fu_1411_p2               |         -|   0|  0|  23|           1|          16|
    |sub_ln35_4_fu_1583_p2               |         -|   0|  0|  23|           1|          16|
    |sub_ln35_5_fu_1428_p2               |         -|   0|  0|  23|           1|          16|
    |sub_ln35_6_fu_1624_p2               |         -|   0|  0|  23|           1|          16|
    |sub_ln35_7_fu_1445_p2               |         -|   0|  0|  23|           1|          16|
    |sub_ln35_8_fu_1665_p2               |         -|   0|  0|  23|           1|          16|
    |sub_ln35_9_fu_1462_p2               |         -|   0|  0|  23|           1|          16|
    |sub_ln35_fu_1367_p2                 |         -|   0|  0|  23|           1|          16|
    |and_ln16_fu_3011_p2                 |       and|   0|  0|   2|           1|           1|
    |icmp_ln16_10_fu_2553_p2             |      icmp|   0|  0|   9|           2|           1|
    |icmp_ln16_11_fu_2622_p2             |      icmp|   0|  0|   9|           2|           1|
    |icmp_ln16_12_fu_2691_p2             |      icmp|   0|  0|   9|           2|           1|
    |icmp_ln16_13_fu_2760_p2             |      icmp|   0|  0|   9|           2|           1|
    |icmp_ln16_14_fu_2829_p2             |      icmp|   0|  0|   9|           2|           1|
    |icmp_ln16_15_fu_2898_p2             |      icmp|   0|  0|   9|           2|           1|
    |icmp_ln16_1_fu_1920_p2              |      icmp|   0|  0|   9|           2|           1|
    |icmp_ln16_2_fu_2001_p2              |      icmp|   0|  0|   9|           2|           1|
    |icmp_ln16_3_fu_2070_p2              |      icmp|   0|  0|   9|           2|           1|
    |icmp_ln16_4_fu_2139_p2              |      icmp|   0|  0|   9|           2|           1|
    |icmp_ln16_5_fu_2208_p2              |      icmp|   0|  0|   9|           2|           1|
    |icmp_ln16_6_fu_2277_p2              |      icmp|   0|  0|   9|           2|           1|
    |icmp_ln16_7_fu_2346_p2              |      icmp|   0|  0|   9|           2|           1|
    |icmp_ln16_8_fu_2415_p2              |      icmp|   0|  0|   9|           2|           1|
    |icmp_ln16_9_fu_2484_p2              |      icmp|   0|  0|   9|           2|           1|
    |icmp_ln16_fu_1851_p2                |      icmp|   0|  0|   9|           2|           1|
    |icmp_ln19_10_fu_2559_p2             |      icmp|   0|  0|  24|          17|          17|
    |icmp_ln19_11_fu_2628_p2             |      icmp|   0|  0|  24|          17|          17|
    |icmp_ln19_12_fu_2697_p2             |      icmp|   0|  0|  24|          17|          17|
    |icmp_ln19_13_fu_2766_p2             |      icmp|   0|  0|  24|          17|          17|
    |icmp_ln19_14_fu_2835_p2             |      icmp|   0|  0|  24|          17|          17|
    |icmp_ln19_15_fu_2904_p2             |      icmp|   0|  0|  24|          17|          17|
    |icmp_ln19_1_fu_1926_p2              |      icmp|   0|  0|  24|          17|          17|
    |icmp_ln19_2_fu_2007_p2              |      icmp|   0|  0|  24|          17|          17|
    |icmp_ln19_3_fu_2076_p2              |      icmp|   0|  0|  24|          17|          17|
    |icmp_ln19_4_fu_2145_p2              |      icmp|   0|  0|  24|          17|          17|
    |icmp_ln19_5_fu_2214_p2              |      icmp|   0|  0|  24|          17|          17|
    |icmp_ln19_6_fu_2283_p2              |      icmp|   0|  0|  24|          17|          17|
    |icmp_ln19_7_fu_2352_p2              |      icmp|   0|  0|  24|          17|          17|
    |icmp_ln19_8_fu_2421_p2              |      icmp|   0|  0|  24|          17|          17|
    |icmp_ln19_9_fu_2490_p2              |      icmp|   0|  0|  24|          17|          17|
    |icmp_ln19_fu_1857_p2                |      icmp|   0|  0|  24|          17|          17|
    |ap_block_pp0_stage0_01001           |        or|   0|  0|   2|           1|           1|
    |ap_block_pp0_stage0_11001           |        or|   0|  0|   2|           1|           1|
    |ap_block_state1_pp0_stage0_iter0    |        or|   0|  0|   2|           1|           1|
    |ap_block_state8_io                  |        or|   0|  0|   2|           1|           1|
    |ap_block_state9_pp0_stage0_iter8    |        or|   0|  0|   2|           1|           1|
    |or_ln16_10_fu_2583_p2               |        or|   0|  0|   2|           1|           1|
    |or_ln16_11_fu_2652_p2               |        or|   0|  0|   2|           1|           1|
    |or_ln16_12_fu_2721_p2               |        or|   0|  0|   2|           1|           1|
    |or_ln16_13_fu_2790_p2               |        or|   0|  0|   2|           1|           1|
    |or_ln16_14_fu_2859_p2               |        or|   0|  0|   2|           1|           1|
    |or_ln16_1_fu_1950_p2                |        or|   0|  0|   2|           1|           1|
    |or_ln16_2_fu_2031_p2                |        or|   0|  0|   2|           1|           1|
    |or_ln16_3_fu_2100_p2                |        or|   0|  0|   2|           1|           1|
    |or_ln16_4_fu_2169_p2                |        or|   0|  0|   2|           1|           1|
    |or_ln16_5_fu_2238_p2                |        or|   0|  0|   2|           1|           1|
    |or_ln16_6_fu_2307_p2                |        or|   0|  0|   2|           1|           1|
    |or_ln16_7_fu_2376_p2                |        or|   0|  0|   2|           1|           1|
    |or_ln16_8_fu_2445_p2                |        or|   0|  0|   2|           1|           1|
    |or_ln16_9_fu_2514_p2                |        or|   0|  0|   2|           1|           1|
    |or_ln16_fu_1881_p2                  |        or|   0|  0|   2|           1|           1|
    |bus_start_phase_fu_401_p3           |    select|   0|  0|  32|           1|          32|
    |cos_phase_1_fu_1417_p3              |    select|   0|  0|  16|           1|          16|
    |cos_phase_2_fu_1434_p3              |    select|   0|  0|  16|           1|          16|
    |cos_phase_3_fu_1451_p3              |    select|   0|  0|  16|           1|          16|
    |cos_phase_4_fu_1468_p3              |    select|   0|  0|  16|           1|          16|
    |cos_phase_5_fu_1485_p3              |    select|   0|  0|  16|           1|          16|
    |cos_phase_6_fu_1502_p3              |    select|   0|  0|  16|           1|          16|
    |cos_phase_7_fu_1519_p3              |    select|   0|  0|  16|           1|          16|
    |cos_phase_fu_1390_p3                |    select|   0|  0|  16|           1|          16|
    |i_rot_03238486280102128_fu_1970_p3  |    select|   0|  0|  16|           1|          16|
    |i_rot_0_140466478104126_fu_2964_p3  |    select|   0|  0|  16|           1|          16|
    |i_rot_0_252588498132_fu_2958_p3     |    select|   0|  0|  16|           1|          16|
    |i_rot_0_36874108122_fu_2976_p3      |    select|   0|  0|  16|           1|          16|
    |i_rot_0_48894136_fu_2946_p3         |    select|   0|  0|  16|           1|          16|
    |i_rot_0_5112118_fu_2988_p3          |    select|   0|  0|  16|           1|          16|
    |i_rot_0_6140_fu_2934_p3             |    select|   0|  0|  16|           1|          16|
    |i_rot_1_fu_2037_p3                  |    select|   0|  0|  16|           1|          16|
    |i_rot_2_fu_2175_p3                  |    select|   0|  0|  16|           1|          16|
    |i_rot_3_fu_2313_p3                  |    select|   0|  0|  16|           1|          16|
    |i_rot_4_fu_2451_p3                  |    select|   0|  0|  16|           1|          16|
    |i_rot_5_fu_2589_p3                  |    select|   0|  0|  16|           1|          16|
    |i_rot_6_fu_2727_p3                  |    select|   0|  0|  16|           1|          16|
    |i_rot_7_fu_2865_p3                  |    select|   0|  0|  16|           1|          16|
    |i_rot_8_fu_3000_p3                  |    select|   0|  0|  16|           1|          16|
    |i_rot_fu_1887_p3                    |    select|   0|  0|  16|           1|          16|
    |lut_addr_11_fu_868_p3               |    select|   0|  0|  14|           1|          14|
    |lut_addr_13_fu_913_p3               |    select|   0|  0|  14|           1|          14|
    |lut_addr_15_fu_963_p3               |    select|   0|  0|  14|           1|          14|
    |lut_addr_17_fu_1008_p3              |    select|   0|  0|  14|           1|          14|
    |lut_addr_19_fu_1058_p3              |    select|   0|  0|  14|           1|          14|
    |lut_addr_1_fu_581_p3                |    select|   0|  0|  14|           1|          14|
    |lut_addr_21_fu_1103_p3              |    select|   0|  0|  14|           1|          14|
    |lut_addr_23_fu_1153_p3              |    select|   0|  0|  14|           1|          14|
    |lut_addr_25_fu_1198_p3              |    select|   0|  0|  14|           1|          14|
    |lut_addr_27_fu_1248_p3              |    select|   0|  0|  14|           1|          14|
    |lut_addr_29_fu_1293_p3              |    select|   0|  0|  14|           1|          14|
    |lut_addr_31_fu_1343_p3              |    select|   0|  0|  14|           1|          14|
    |lut_addr_3_fu_678_p3                |    select|   0|  0|  14|           1|          14|
    |lut_addr_5_fu_723_p3                |    select|   0|  0|  14|           1|          14|
    |lut_addr_7_fu_773_p3                |    select|   0|  0|  14|           1|          14|
    |lut_addr_9_fu_818_p3                |    select|   0|  0|  14|           1|          14|
    |q_rot_03436506082100130_fu_1964_p3  |    select|   0|  0|  16|           1|          16|
    |q_rot_0_142446676106124_fu_2970_p3  |    select|   0|  0|  16|           1|          16|
    |q_rot_0_254568696134_fu_2952_p3     |    select|   0|  0|  16|           1|          16|
    |q_rot_0_37072110120_fu_2982_p3      |    select|   0|  0|  16|           1|          16|
    |q_rot_0_49092138_fu_2940_p3         |    select|   0|  0|  16|           1|          16|
    |q_rot_0_5114116_fu_2994_p3          |    select|   0|  0|  16|           1|          16|
    |q_rot_0_6142_fu_2928_p3             |    select|   0|  0|  16|           1|          16|
    |q_rot_fu_3024_p6                    |    select|   0|  0|  16|           1|          17|
    |select_ln16_10_fu_2658_p3           |    select|   0|  0|  16|           1|          16|
    |select_ln16_11_fu_2092_p3           |    select|   0|  0|  16|           1|          15|
    |select_ln16_12_fu_2796_p3           |    select|   0|  0|  16|           1|          16|
    |select_ln16_13_fu_2161_p3           |    select|   0|  0|  16|           1|          15|
    |select_ln16_15_fu_2230_p3           |    select|   0|  0|  16|           1|          15|
    |select_ln16_16_fu_2299_p3           |    select|   0|  0|  16|           1|          15|
    |select_ln16_18_fu_2368_p3           |    select|   0|  0|  16|           1|          15|
    |select_ln16_19_fu_2437_p3           |    select|   0|  0|  16|           1|          15|
    |select_ln16_1_fu_1873_p3            |    select|   0|  0|  16|           1|          15|
    |select_ln16_21_fu_2506_p3           |    select|   0|  0|  16|           1|          15|
    |select_ln16_22_fu_2575_p3           |    select|   0|  0|  16|           1|          15|
    |select_ln16_24_fu_2644_p3           |    select|   0|  0|  16|           1|          15|
    |select_ln16_25_fu_2713_p3           |    select|   0|  0|  16|           1|          15|
    |select_ln16_27_fu_2782_p3           |    select|   0|  0|  16|           1|          15|
    |select_ln16_28_fu_2851_p3           |    select|   0|  0|  16|           1|          15|
    |select_ln16_2_fu_2106_p3            |    select|   0|  0|  16|           1|          16|
    |select_ln16_4_fu_2244_p3            |    select|   0|  0|  16|           1|          16|
    |select_ln16_5_fu_1942_p3            |    select|   0|  0|  16|           1|          15|
    |select_ln16_6_fu_2382_p3            |    select|   0|  0|  16|           1|          16|
    |select_ln16_7_fu_2023_p3            |    select|   0|  0|  16|           1|          15|
    |select_ln16_8_fu_2520_p3            |    select|   0|  0|  16|           1|          16|
    |select_ln16_fu_1956_p3              |    select|   0|  0|  16|           1|          16|
    |sin_phase_1_fu_1548_p3              |    select|   0|  0|  16|           1|          16|
    |sin_phase_2_fu_1589_p3              |    select|   0|  0|  16|           1|          16|
    |sin_phase_3_fu_1630_p3              |    select|   0|  0|  16|           1|          16|
    |sin_phase_4_fu_1671_p3              |    select|   0|  0|  16|           1|          16|
    |sin_phase_5_fu_1712_p3              |    select|   0|  0|  16|           1|          16|
    |sin_phase_6_fu_1753_p3              |    select|   0|  0|  16|           1|          16|
    |sin_phase_7_fu_1794_p3              |    select|   0|  0|  16|           1|          16|
    |sin_phase_fu_1373_p3                |    select|   0|  0|  16|           1|          16|
    |ap_enable_pp0                       |       xor|   0|  0|   2|           1|           2|
    |lut_addr_10_fu_862_p2               |       xor|   0|  0|  14|           2|          14|
    |lut_addr_12_fu_907_p2               |       xor|   0|  0|  14|           2|          14|
    |lut_addr_14_fu_957_p2               |       xor|   0|  0|  14|           2|          14|
    |lut_addr_16_fu_1002_p2              |       xor|   0|  0|  14|           2|          14|
    |lut_addr_18_fu_1052_p2              |       xor|   0|  0|  14|           2|          14|
    |lut_addr_20_fu_1097_p2              |       xor|   0|  0|  14|           2|          14|
    |lut_addr_22_fu_1147_p2              |       xor|   0|  0|  14|           2|          14|
    |lut_addr_24_fu_1192_p2              |       xor|   0|  0|  14|           2|          14|
    |lut_addr_26_fu_1242_p2              |       xor|   0|  0|  14|           2|          14|
    |lut_addr_28_fu_1287_p2              |       xor|   0|  0|  14|           2|          14|
    |lut_addr_2_fu_672_p2                |       xor|   0|  0|  14|           2|          14|
    |lut_addr_30_fu_1337_p2              |       xor|   0|  0|  14|           2|          14|
    |lut_addr_4_fu_717_p2                |       xor|   0|  0|  14|           2|          14|
    |lut_addr_6_fu_767_p2                |       xor|   0|  0|  14|           2|          14|
    |lut_addr_8_fu_812_p2                |       xor|   0|  0|  14|           2|          14|
    |lut_addr_fu_575_p2                  |       xor|   0|  0|  14|           2|          14|
    |xor_ln49_fu_3006_p2                 |       xor|   0|  0|   2|           1|           2|
    +------------------------------------+----------+----+---+----+------------+------------+
    |Total                               |          |   0|  0|3662|        1478|        2766|
    +------------------------------------+----------+----+---+----+------------+------------+

    * Multiplexer: 
    +----------------------+----+-----------+-----+-----------+
    |         Name         | LUT| Input Size| Bits| Total Bits|
    +----------------------+----+-----------+-----+-----------+
    |m_axis_i_TDATA_blk_n  |   9|          2|    1|          2|
    |m_axis_q_TDATA_blk_n  |   9|          2|    1|          2|
    |s_axis_i_TDATA_blk_n  |   9|          2|    1|          2|
    |s_axis_q_TDATA_blk_n  |   9|          2|    1|          2|
    +----------------------+----+-----------+-----+-----------+
    |Total                 |  36|          8|    4|          8|
    +----------------------+----+-----------+-----+-----------+

    * Register: 
    +---------------------------------------------+----+----+-----+-----------+
    |                     Name                    | FF | LUT| Bits| Const Bits|
    +---------------------------------------------+----+----+-----+-----------+
    |RFDC_IQ_DEROTATOR_SINE_LUT_load_10_reg_3559  |  15|   0|   15|          0|
    |RFDC_IQ_DEROTATOR_SINE_LUT_load_12_reg_3569  |  15|   0|   15|          0|
    |RFDC_IQ_DEROTATOR_SINE_LUT_load_14_reg_3579  |  15|   0|   15|          0|
    |RFDC_IQ_DEROTATOR_SINE_LUT_load_2_reg_3519   |  15|   0|   15|          0|
    |RFDC_IQ_DEROTATOR_SINE_LUT_load_4_reg_3529   |  15|   0|   15|          0|
    |RFDC_IQ_DEROTATOR_SINE_LUT_load_6_reg_3539   |  15|   0|   15|          0|
    |RFDC_IQ_DEROTATOR_SINE_LUT_load_8_reg_3549   |  15|   0|   15|          0|
    |RFDC_IQ_DEROTATOR_SINE_LUT_load_reg_3341     |  15|   0|   15|          0|
    |ap_CS_fsm                                    |   1|   0|    1|          0|
    |ap_enable_reg_pp0_iter1                      |   1|   0|    1|          0|
    |ap_enable_reg_pp0_iter2                      |   1|   0|    1|          0|
    |ap_enable_reg_pp0_iter3                      |   1|   0|    1|          0|
    |ap_enable_reg_pp0_iter4                      |   1|   0|    1|          0|
    |ap_enable_reg_pp0_iter5                      |   1|   0|    1|          0|
    |ap_enable_reg_pp0_iter6                      |   1|   0|    1|          0|
    |ap_enable_reg_pp0_iter7                      |   1|   0|    1|          0|
    |ap_enable_reg_pp0_iter8                      |   1|   0|    1|          0|
    |bus_start_phase_reg_3216                     |  32|   0|   32|          0|
    |cos_phase_1_reg_3524                         |  16|   0|   16|          0|
    |cos_phase_2_reg_3534                         |  16|   0|   16|          0|
    |cos_phase_3_reg_3544                         |  16|   0|   16|          0|
    |cos_phase_4_reg_3554                         |  16|   0|   16|          0|
    |cos_phase_5_reg_3564                         |  16|   0|   16|          0|
    |cos_phase_6_reg_3574                         |  16|   0|   16|          0|
    |cos_phase_7_reg_3584                         |  16|   0|   16|          0|
    |cos_phase_reg_3496                           |  16|   0|   16|          0|
    |enable_read_reg_3195                         |   1|   0|    1|          0|
    |i_bits_1_reg_3247                            |  16|   0|   16|          0|
    |i_bits_2_reg_3259                            |  16|   0|   16|          0|
    |i_bits_3_reg_3271                            |  16|   0|   16|          0|
    |i_bits_4_reg_3283                            |  16|   0|   16|          0|
    |i_bits_5_reg_3295                            |  16|   0|   16|          0|
    |i_bits_6_reg_3307                            |  16|   0|   16|          0|
    |i_bits_7_reg_3319                            |  16|   0|   16|          0|
    |i_bits_reg_3235                              |  16|   0|   16|          0|
    |i_mix_1_reg_3791                             |  32|   0|   32|          0|
    |i_mix_2_reg_3801                             |  32|   0|   32|          0|
    |i_mix_3_reg_3811                             |  32|   0|   32|          0|
    |i_mix_4_reg_3821                             |  32|   0|   32|          0|
    |i_mix_5_reg_3831                             |  32|   0|   32|          0|
    |i_mix_6_reg_3841                             |  32|   0|   32|          0|
    |i_mix_7_reg_3851                             |  32|   0|   32|          0|
    |i_mix_reg_3781                               |  32|   0|   32|          0|
    |i_rot_03238486280102128_reg_3866             |  16|   0|   16|          0|
    |mul_ln71_10_reg_3719                         |  32|   0|   32|          0|
    |mul_ln71_10_reg_3719_pp0_iter4_reg           |  32|   0|   32|          0|
    |mul_ln71_12_reg_3745                         |  32|   0|   32|          0|
    |mul_ln71_12_reg_3745_pp0_iter4_reg           |  32|   0|   32|          0|
    |mul_ln71_14_reg_3771                         |  32|   0|   32|          0|
    |mul_ln71_14_reg_3771_pp0_iter4_reg           |  32|   0|   32|          0|
    |mul_ln71_2_reg_3615                          |  32|   0|   32|          0|
    |mul_ln71_2_reg_3615_pp0_iter4_reg            |  32|   0|   32|          0|
    |mul_ln71_4_reg_3641                          |  32|   0|   32|          0|
    |mul_ln71_4_reg_3641_pp0_iter4_reg            |  32|   0|   32|          0|
    |mul_ln71_6_reg_3667                          |  32|   0|   32|          0|
    |mul_ln71_6_reg_3667_pp0_iter4_reg            |  32|   0|   32|          0|
    |mul_ln71_8_reg_3693                          |  32|   0|   32|          0|
    |mul_ln71_8_reg_3693_pp0_iter4_reg            |  32|   0|   32|          0|
    |mul_ln71_reg_3589                            |  32|   0|   32|          0|
    |mul_ln72_10_reg_3724                         |  32|   0|   32|          0|
    |mul_ln72_10_reg_3724_pp0_iter4_reg           |  32|   0|   32|          0|
    |mul_ln72_12_reg_3750                         |  32|   0|   32|          0|
    |mul_ln72_12_reg_3750_pp0_iter4_reg           |  32|   0|   32|          0|
    |mul_ln72_14_reg_3776                         |  32|   0|   32|          0|
    |mul_ln72_14_reg_3776_pp0_iter4_reg           |  32|   0|   32|          0|
    |mul_ln72_2_reg_3620                          |  32|   0|   32|          0|
    |mul_ln72_2_reg_3620_pp0_iter4_reg            |  32|   0|   32|          0|
    |mul_ln72_4_reg_3646                          |  32|   0|   32|          0|
    |mul_ln72_4_reg_3646_pp0_iter4_reg            |  32|   0|   32|          0|
    |mul_ln72_6_reg_3672                          |  32|   0|   32|          0|
    |mul_ln72_6_reg_3672_pp0_iter4_reg            |  32|   0|   32|          0|
    |mul_ln72_8_reg_3698                          |  32|   0|   32|          0|
    |mul_ln72_8_reg_3698_pp0_iter4_reg            |  32|   0|   32|          0|
    |mul_ln72_reg_3594                            |  32|   0|   32|          0|
    |phase_acc                                    |  32|   0|   32|          0|
    |q_bits_1_reg_3253                            |  16|   0|   16|          0|
    |q_bits_2_reg_3265                            |  16|   0|   16|          0|
    |q_bits_3_reg_3277                            |  16|   0|   16|          0|
    |q_bits_4_reg_3289                            |  16|   0|   16|          0|
    |q_bits_5_reg_3301                            |  16|   0|   16|          0|
    |q_bits_6_reg_3313                            |  16|   0|   16|          0|
    |q_bits_7_reg_3325                            |  16|   0|   16|          0|
    |q_bits_reg_3241                              |  16|   0|   16|          0|
    |q_mix_1_reg_3796                             |  32|   0|   32|          0|
    |q_mix_2_reg_3806                             |  32|   0|   32|          0|
    |q_mix_3_reg_3816                             |  32|   0|   32|          0|
    |q_mix_4_reg_3826                             |  32|   0|   32|          0|
    |q_mix_5_reg_3836                             |  32|   0|   32|          0|
    |q_mix_6_reg_3846                             |  32|   0|   32|          0|
    |q_mix_7_reg_3856                             |  32|   0|   32|          0|
    |q_mix_reg_3786                               |  32|   0|   32|          0|
    |q_rot_03436506082100130_reg_3861             |  16|   0|   16|          0|
    |sext_ln71_2_reg_3507                         |  32|   0|   32|          0|
    |sext_ln71_reg_3501                           |  32|   0|   32|          0|
    |tmp_13_reg_3381                              |   1|   0|    1|          0|
    |tmp_13_reg_3381_pp0_iter2_reg                |   1|   0|    1|          0|
    |tmp_15_reg_3391                              |   1|   0|    1|          0|
    |tmp_19_reg_3401                              |   1|   0|    1|          0|
    |tmp_19_reg_3401_pp0_iter2_reg                |   1|   0|    1|          0|
    |tmp_1_reg_3336                               |   1|   0|    1|          0|
    |tmp_1_reg_3336_pp0_iter1_reg                 |   1|   0|    1|          0|
    |tmp_21_reg_3411                              |   1|   0|    1|          0|
    |tmp_25_reg_3421                              |   1|   0|    1|          0|
    |tmp_25_reg_3421_pp0_iter2_reg                |   1|   0|    1|          0|
    |tmp_27_reg_3431                              |   1|   0|    1|          0|
    |tmp_31_reg_3441                              |   1|   0|    1|          0|
    |tmp_31_reg_3441_pp0_iter2_reg                |   1|   0|    1|          0|
    |tmp_33_reg_3451                              |   1|   0|    1|          0|
    |tmp_37_reg_3461                              |   1|   0|    1|          0|
    |tmp_37_reg_3461_pp0_iter2_reg                |   1|   0|    1|          0|
    |tmp_39_reg_3471                              |   1|   0|    1|          0|
    |tmp_3_reg_3351                               |   1|   0|    1|          0|
    |tmp_43_reg_3481                              |   1|   0|    1|          0|
    |tmp_43_reg_3481_pp0_iter2_reg                |   1|   0|    1|          0|
    |tmp_45_reg_3491                              |   1|   0|    1|          0|
    |tmp_7_reg_3361                               |   1|   0|    1|          0|
    |tmp_7_reg_3361_pp0_iter2_reg                 |   1|   0|    1|          0|
    |tmp_9_reg_3371                               |   1|   0|    1|          0|
    |enable_read_reg_3195                         |  64|  32|    1|          0|
    |i_bits_1_reg_3247                            |  64|  32|   16|          0|
    |i_bits_2_reg_3259                            |  64|  32|   16|          0|
    |i_bits_3_reg_3271                            |  64|  32|   16|          0|
    |i_bits_4_reg_3283                            |  64|  32|   16|          0|
    |i_bits_5_reg_3295                            |  64|  32|   16|          0|
    |i_bits_6_reg_3307                            |  64|  32|   16|          0|
    |i_bits_7_reg_3319                            |  64|  32|   16|          0|
    |i_bits_reg_3235                              |  64|  32|   16|          0|
    |q_bits_1_reg_3253                            |  64|  32|   16|          0|
    |q_bits_2_reg_3265                            |  64|  32|   16|          0|
    |q_bits_3_reg_3277                            |  64|  32|   16|          0|
    |q_bits_4_reg_3289                            |  64|  32|   16|          0|
    |q_bits_5_reg_3301                            |  64|  32|   16|          0|
    |q_bits_6_reg_3313                            |  64|  32|   16|          0|
    |q_bits_7_reg_3325                            |  64|  32|   16|          0|
    |q_bits_reg_3241                              |  64|  32|   16|          0|
    +---------------------------------------------+----+----+-----+-----------+
    |Total                                        |3258| 544| 2427|          0|
    +---------------------------------------------+----+----+-----+-----------+



================================================================
== Interface
================================================================
* Summary: 
+-----------------+-----+-----+--------------+-------------------+--------------+
|    RTL Ports    | Dir | Bits|   Protocol   |   Source Object   |    C Type    |
+-----------------+-----+-----+--------------+-------------------+--------------+
|ap_clk           |   in|    1|  ap_ctrl_none|  rfdc_iq_derotator|  return value|
|ap_rst_n         |   in|    1|  ap_ctrl_none|  rfdc_iq_derotator|  return value|
|s_axis_i_TDATA   |   in|  128|          axis|           s_axis_i|       pointer|
|s_axis_i_TVALID  |   in|    1|          axis|           s_axis_i|       pointer|
|s_axis_i_TREADY  |  out|    1|          axis|           s_axis_i|       pointer|
|s_axis_q_TDATA   |   in|  128|          axis|           s_axis_q|       pointer|
|s_axis_q_TVALID  |   in|    1|          axis|           s_axis_q|       pointer|
|s_axis_q_TREADY  |  out|    1|          axis|           s_axis_q|       pointer|
|m_axis_i_TDATA   |  out|  128|          axis|           m_axis_i|       pointer|
|m_axis_i_TVALID  |  out|    1|          axis|           m_axis_i|       pointer|
|m_axis_i_TREADY  |   in|    1|          axis|           m_axis_i|       pointer|
|m_axis_q_TDATA   |  out|  128|          axis|           m_axis_q|       pointer|
|m_axis_q_TVALID  |  out|    1|          axis|           m_axis_q|       pointer|
|m_axis_q_TREADY  |   in|    1|          axis|           m_axis_q|       pointer|
|enable           |   in|    1|       ap_none|             enable|        scalar|
|reset_phase      |   in|    1|       ap_none|        reset_phase|        scalar|
|phase_offset     |   in|   32|       ap_none|       phase_offset|        scalar|
+-----------------+-----+-----+--------------+-------------------+--------------+

